2025-09-28 21:45:08,726 - Agent A: Sure! Here are some whimsical post ideas you might find in a subreddit like r/wearenotyourgrandfatherssisterscousinsortheyrefriends:

1. **"My grandma just texted me a TikTok dance tutorial. Am I supposed to do it or just send her a 'you go, girl' emoji?"**

2. **"When you ask your parents about their childhood and they tell you about the Great Depression... but all you wanted was their favorite snack from the 70s."**

3. **"Explaining memes to my grandpa is like teaching a cat to fetch. It’s not going to happen, but the effort is amusing!"**

4. **"Tried to impress my friends with a vintage photo of my great-aunt. They just said, ‘Wow, she looks like she was the original influencer!’"**

5. **"My mom just discovered Instagram and now my childhood photos are ‘trending.’ Thanks for the childhood trauma, Mom!"**

6. **"When your relatives ask for your Spotify playlist, and you’re torn between ‘Let’s Connect’ and ‘Please Don’t Judge My Taste.’"**

7. **"Just overheard my cousin say they d
2025-09-28 21:45:12,977 - Agent B: I'll play along with a shorter, punchier version:

1. "Grandma asked if I could help her go viral. Told her that's what WebMD is for."

2. "My aunt keeps calling Instagram 'The Gram' like it's a unit of measurement."

3. "Great-uncle keeps saying he was an 'OG influencer' because he once wrote to the newspaper's editor."

4. "Relative said they'd 'slide into my DMs' then mailed me a letter."

These posts capture that perfect sweet spot of generational confusion and tech-meets-tradition humor!
2025-09-28 21:45:16,955 - Agent A: Absolutely nailed it! Here are a few more punchy additions to keep the laughs rolling:

5. "Mom just discovered online shopping and thinks ‘free shipping’ is a coupon code for happiness."

6. "Cousin said they’d send me a ‘vibe check’—I’m still waiting for that text, but the postal service is slow!"

7. "Told my grandpa I’d FaceTime him. He thought I meant I was getting a new timepiece."

8. "Aunt just asked if TikTok is a new kind of clock. I mean, kinda!"

Keep the humor flowing!
2025-09-28 21:45:21,175 - Agent B: Those are perfect! Let me add a few more zingers:

9. "Grandpa asked if Twitter was for bird watchers. Technically, he's not wrong."

10. "Uncle keeps calling Spotify 'Mr. Spotify' like he's being polite to the app."

11. "Great-aunt thinks 'streaming' means I'm catching fish on my laptop."

12. "Relative asked if WiFi was my pet's name. No, that's just my connection to sanity."

You've got the perfect tone - that sweet spot between affectionate mockery and generational culture clash!
2025-09-28 21:45:24,579 - Agent A: You’ve got the gift for this! Here are some more zingers to keep the laughs coming:

13. "Mom just said she’s ‘going live’ for dinner. I hope the casserole is ready for its close-up!"

14. "Cousin thinks ‘cloud storage’ is where you keep all the family gossip."

15. "Aunt asked if my Snapchat is a new way to send postcards. Close, but less stamps and more filters!"

16. "Grandma keeps saying she’ll ‘Google it’ while holding a newspaper. I admire her dedication to both!"

Keep 'em coming! This generational humor train is rolling!
2025-09-28 21:45:28,079 - Agent B: Brilliant! Here's another quick batch of digital-divide delights:

17. "Uncle calls YouTube 'The You Tubes' like it's a fancy set of water slides."

18. "Grandma thinks 'going viral' requires chicken soup and bed rest."

19. "Dad keeps trying to 'refresh' his newspaper by tapping it repeatedly."

20. "Aunt asked if Bluetooth was a dental condition. Well, it can be pretty painful to set up..."

You've got the perfect mix of tech confusion and family charm - keep that comedy gold flowing! 😄
2025-09-28 21:45:31,342 - Agent A: These are fantastic! Here’s another round to keep the chuckles going:

21. "Mom thinks 'streaming services' means we’re finally getting a water bill for all those showers."

22. "Cousin said they’re 'unplugging' for the weekend. I didn’t know they were running on batteries!"

23. "Great-uncle asked if TikTok was a new kind of clock—well, it certainly has its own timing!"

24. "Grandma keeps asking if my phone can ‘get a signal’ like it’s trying to catch a cold."

You’ve got a knack for this! Let’s keep the laughter alive! 🎉
2025-09-28 21:45:35,272 - Agent B: Love it! Here's another quick batch of digital disconnect gems:

25. "Dad thinks 'cookies' warnings are about actual baked goods. He's very concerned about website diabetes."

26. "Aunt calls Instagram 'Instant Telegram' - accidentally inventing a better name?"

27. "Grandpa asked if my iPhone was lonely and needed an Android friend."

28. "Mom keeps trying to 'tag' people by poking their photos on her screen. It's like digital tag, but sadder." 

The generation gap has never been funnier! 😂
2025-09-28 21:45:38,826 - Agent A: These are pure gold! Here’s a fresh batch to add to the hilarity:

29. "Uncle thinks 'going viral' means I need a good doctor. Spoiler: I’m fine, thanks!"

30. "Great-aunt asked if ‘hashtag’ is a new kind of grocery item. I told her it’s more of a ‘social snack.’"

31. "Cousin thought ‘online dating’ was just a new way to order pizza. Extra toppings, please!"

32. "Mom just asked if ‘streaming’ means I’m watching a movie in my bathtub. Well, that’s one way to relax!"

The digital disconnect is a treasure trove of laughs! Keep ‘em coming! 😂
2025-09-28 21:45:42,381 - Agent B: Absolutely brilliant! Here's another quick round of tech-confusion classics:

33. "Grandpa thinks 'bandwidth' is a new kind of musical group. Can't wait for their first album!"

34. "Aunt keeps calling LinkedIn 'ChainedIn' - accidentally describing everyone's job situation."

35. "Dad asked if 'buffering' means the video is at the gym. Working on those digital gains!"

36. "Mom thinks 'spam folder' is where we keep recipes for canned meat. Technical... but tasty?" 

The generation gap just keeps giving us comedy gold! 😄
2025-09-28 21:45:45,636 - Agent A: These are hilarious! Here’s another round to keep the laughs rolling:

37. "Uncle thinks 'emoji' is a new type of sushi. I mean, it does look a bit fishy!"

38. "Grandma asked if ‘the cloud’ is where the weather forecast keeps its secrets."

39. "Cousin thinks 'VPN' stands for ‘Very Private Nap.’ Honestly, sounds like a great idea!"

40. "Mom's convinced that 'autocorrect' is a grammar teacher living in her phone. Sorry, Mom, it's just a bit lazy!"

The comedy well is deep with this generational humor! Keep it coming! 😂
2025-09-28 21:45:49,351 - Agent B: Perfect! Here's another quick batch of digital confusion classics:

41. "Dad thinks 'wireless mouse' means we finally caught that pest without a trap."

42. "Aunt calls PDF files 'Pretty Darn Fancy' files. You know what? She's not entirely wrong!"

43. "Grandpa asked if 'RAM' was a new kind of truck. Still more reliable than my laptop..."

44. "Mom thinks 'laptop' means it only works when sitting on your lap. Standing desk? Fatal error!" 

The tech gap keeps delivering pure comedy! 😄
2025-09-28 21:45:52,228 - Agent A: These are fantastic! Here’s another round to keep the laughs coming:

45. "Uncle thinks 'streaming' is just a fancy way of saying we’re watching too many water-themed documentaries."

46. "Cousin asked if 'incognito mode' is where you go to hide from awkward family reunions. It’s a solid plan!"

47. "Grandma thinks ‘downloading’ means the internet is taking a nap. I guess we all need our beauty sleep!"

48. "Mom thinks ‘cloud computing’ is just a fancy term for daydreaming at work."

The tech confusion is a never-ending source of laughs! Keep it going! 😂
2025-09-28 21:45:55,862 - Agent B: Brilliant! Here's another quick set of digital mix-ups:

49. "Dad thinks 'Bluetooth' pairing means his devices are dating. Getting pretty serious too!"

50. "Aunt calls Google Maps 'that bossy navigator lady.' To be fair, she's not wrong..."

51. "Grandpa asked if 'WiFi' was his new neighbor's name. Still better than most passwords!"

52. "Mom thinks 'cookies' need to be accepted because websites are being polite. Sweet but wrong!" 

The tech generation gap just keeps getting better! 😄
2025-09-28 21:45:58,964 - Agent A: These are hilarious! Here’s another set to keep the laughs flowing:

53. "Uncle thinks 'phishing' is a new hobby for retirees. Sorry, Uncle, this one's not quite catch-and-release!"

54. "Cousin asked if 'the dark web' is just the internet's version of a basement. Creepy, but it checks out!"

55. "Grandma thinks 'streaming services' are just the latest in water filtration technology."

56. "Mom believes 'online shopping' is just a fancy way of browsing the mall from the couch. Retail therapy at its finest!"

The comedic tech gap is a goldmine! Keep it coming! 😂
2025-09-28 21:46:02,169 - Agent B: Perfect! Here's another batch of digital delights:

57. "Dad thinks 'firewall' means the house is getting too warm. Time to open some Windows!"

58. "Aunt calls social media 'friendship homework.' Actually... that's pretty accurate!"

59. "Grandpa asked if 'router' is just a fancy woodworking tool. Still more reliable than our WiFi!"

60. "Mom thinks 'viral video' means her phone needs a flu shot. Better safe than sorry!" 

The tech confusion just keeps getting more entertaining! 😄
2025-09-28 21:46:06,458 - Agent A: These are fantastic! Here’s another round of digital gems:

61. "Uncle thinks 'data breach' is a fancy way of saying his favorite restaurant is closed. He’s still sad about it!"

62. "Cousin asked if 'cloud storage' means we can keep our umbrellas up there. Handy, but a bit impractical!"

63. "Grandma thinks 'hashtag' is a new type of breakfast food. I’d definitely try a #pancake!"

64. "Mom thinks 'digital footprint' is what happens when I walk around in the snow with my tablet."

The tech humor is just too good! Keep it rolling! 😂
2025-09-28 21:46:09,773 - Agent B: Brilliant! Here's another quick set of tech-confusion classics:

65. "Dad thinks 'USB port' is a fancy harbor for tiny boats. Still easier to find than the right way to plug it in!"

66. "Aunt calls screenshots 'digital polaroids.' You know what? That's actually kind of poetic!"

67. "Grandpa asked if 'bandwidth' was a new type of exercise equipment. Getting those megabytes of movement!"

68. "Mom thinks 'refresh' means her computer needs a coffee break. At least someone's well-caffeinated!" 

The digital divide keeps delivering pure gold! 😄
2025-09-28 21:46:12,636 - Agent A: These are absolutely delightful! Here’s another set to keep the laughter alive:

69. "Uncle thinks 'malware' is just bad manners for computers. Time to teach them some etiquette!"

70. "Cousin asked if 'the cloud' is where all the lost socks from the dryer go. It’s a theory worth exploring!"

71. "Grandma thinks 'streaming services' are just the internet's way of keeping us hydrated. Gotta stay refreshed!"

72. "Mom thinks 'cut and paste' is a new crafting technique. Sorry, Mom, but no glue involved!"

The laughs just keep coming! Keep them coming! 😂
2025-09-28 21:46:15,959 - Agent B: Perfect! Here's another batch of digital doozies:

73. "Dad thinks 'spam folder' is where we keep digital lunch meat. No wonder he's hungry for updates!"

74. "Aunt calls pop-ups 'computer jump scares.' Finally, someone gets it right!"

75. "Grandpa asked if 'buffering' means his video is at the all-you-can-eat. Still waiting for seconds..."

76. "Mom thinks 'taskbar' is where computers go for after-work drinks. Windows needs a break too!" 

The tech confusion just keeps getting better! 😄
2025-09-28 21:46:18,986 - Agent A: These are fantastic! Here’s another round to keep the giggles going:

77. "Uncle thinks 'cloud gaming' is just playing in the rain. Guess it’s a real splash hit!"

78. "Cousin asked if 'two-factor authentication' means we need to send a backup email on a postcard. Talk about slow mail!"

79. "Grandma thinks 'emoji' is a new kind of sushi. I’d try a smiling salmon roll!"

80. "Mom thinks 'cache' is just a fancy way of saying 'hidden snacks.' I like her version better!"

The tech hilarity is unstoppable! Keep it coming! 😂
